2025-09-14T15:28:40.288-04:00  INFO 357244 --- [Lavalink] [           main] lavalink.server.Launcher                 : Starting Launcher v4.1.1 using Java 21.0.7 with PID 357244 (E:\SleeplessPY\lavalink\Lavalink.jar started by billy in E:\SleeplessPY\lavalink)
2025-09-14T15:28:40.351-04:00  INFO 357244 --- [Lavalink] [           main] lavalink.server.Launcher                 : No active profile set, falling back to 1 default profile: "default"
2025-09-14T15:28:41.035-04:00  INFO 357244 --- [Lavalink] [           main] o.s.cloud.context.scope.GenericScope     : BeanFactory id=3d6bf653-92ea-3fde-943a-10b9f8cd696e
2025-09-14T15:28:41.751-04:00  INFO 357244 --- [Lavalink] [           main] lavalink.server.Launcher                 : Started Launcher in 1.9 seconds (process running for 2.644)
2025-09-14T15:28:41.821-04:00  INFO 357244 --- [Lavalink] [           main] lavalink.server.Launcher                 : 

[32m       .  [31m _                  _ _       _    [32m__ _ _
[32m      /\\ [31m| | __ ___   ____ _| (_)_ __ | | __[32m\ \ \ \
[32m     ( ( )[31m| |/ _` \ \ / / _` | | | '_ \| |/ /[32m \ \ \ \
[32m      \\/ [31m| | (_| |\ V / (_| | | | | | |   < [32m  ) ) ) )
[32m       '  [31m|_|\__,_| \_/ \__,_|_|_|_| |_|_|\_\[32m / / / /
[0m    =========================================[32m/_/_/_/[0m

	Version:        4.1.1
	Build time:     05.06.2025 07:37:42 UTC
	Branch          HEAD
	Commit:         4238202
	Commit time:    05.06.2025 07:11:37 UTC
	JVM:            21.0.7
	Lavaplayer      2.2.3

2025-09-14T15:28:41.836-04:00  INFO 357244 --- [Lavalink] [           main] lavalink.server.Launcher                 : No active profile set, falling back to 1 default profile: "default"
2025-09-14T15:28:42.445-04:00  WARN 357244 --- [Lavalink] [           main] io.undertow.websockets.jsr               : UT026010: Buffer pool was not set on WebSocketDeploymentInfo, the default pool will be used
2025-09-14T15:28:42.470-04:00  INFO 357244 --- [Lavalink] [           main] io.undertow.servlet                      : Initializing Spring embedded WebApplicationContext
2025-09-14T15:28:42.490-04:00  INFO 357244 --- [Lavalink] [           main] w.s.c.ServletWebServerApplicationContext : Root WebApplicationContext: initialization completed in 648 ms
2025-09-14T15:28:42.621-04:00  INFO 357244 --- [Lavalink] [           main] c.s.d.l.tools.GarbageCollectionMonitor   : GC monitoring enabled, reporting results every 2 minutes.
2025-09-14T15:28:43.546-04:00  INFO 357244 --- [Lavalink] [           main] l.server.config.KoeConfiguration         : OS: WINDOWS, Arch: X86_64
2025-09-14T15:28:43.546-04:00  INFO 357244 --- [Lavalink] [           main] l.server.config.KoeConfiguration         : Enabling JDA-NAS
2025-09-14T15:28:43.551-04:00  INFO 357244 --- [Lavalink] [           main] c.s.l.c.natives.NativeLibraryLoader      : Native library udpqueue: loading with filter null
2025-09-14T15:28:43.560-04:00  INFO 357244 --- [Lavalink] [           main] c.s.l.c.natives.NativeLibraryLoader      : Native library udpqueue: successfully loaded.
2025-09-14T15:28:43.610-04:00  WARN 357244 --- [Lavalink] [           main] l.server.config.SentryConfiguration      : Turning off sentry
2025-09-14T15:28:43.940-04:00  INFO 357244 --- [Lavalink] [           main] io.undertow                              : starting server: Undertow - 2.3.13.Final
2025-09-14T15:28:43.957-04:00  INFO 357244 --- [Lavalink] [           main] org.xnio                                 : XNIO version 3.8.8.Final
2025-09-14T15:28:43.978-04:00  INFO 357244 --- [Lavalink] [           main] org.xnio.nio                             : XNIO NIO Implementation Version 3.8.8.Final
2025-09-14T15:28:44.079-04:00  INFO 357244 --- [Lavalink] [           main] org.jboss.threads                        : JBoss Threads version 3.5.0.Final
2025-09-14T15:28:44.161-04:00  INFO 357244 --- [Lavalink] [           main] o.s.b.w.e.undertow.UndertowWebServer     : Undertow started on port 2333 (http) with context path '/'
2025-09-14T15:28:44.172-04:00  INFO 357244 --- [Lavalink] [           main] lavalink.server.Launcher                 : Started Launcher in 2.409 seconds (process running for 5.064)
2025-09-14T15:28:44.184-04:00  INFO 357244 --- [Lavalink] [           main] lavalink.server.Launcher                 : Lavalink is ready to accept connections.
